-------------------------------------------------------------------------------
Test set: TestSuite
-------------------------------------------------------------------------------
Tests run: 2, Failures: 1, Errors: 0, Skipped: 0, Time elapsed: 94.599 s <<< FAILURE! - in TestSuite
selectProduct(com.qa.tests.FoodCheckoutTest)  Time elapsed: 65.948 s  <<< FAILURE!
org.openqa.selenium.TimeoutException: 
Expected condition failed: waiting for visibility of Located by By.chained({By.AndroidUIAutomator: new UiScrollable(new UiSelector().scrollable(true)).scrollIntoView(new UiSelector().text("Claude's Dream
₱ 189.00"))}) (tried for 60 second(s) with 500 milliseconds interval)
	at com.qa.tests.FoodCheckoutTest.selectProduct(FoodCheckoutTest.java:58)
Caused by: org.openqa.selenium.NoSuchElementException: 
Can't locate an element by this strategy: By.chained({By.AndroidUIAutomator: new UiScrollable(new UiSelector().scrollable(true)).scrollIntoView(new UiSelector().text("Claude's Dream
₱ 189.00"))})
	at com.qa.tests.FoodCheckoutTest.selectProduct(FoodCheckoutTest.java:58)
Caused by: org.openqa.selenium.TimeoutException: Expected condition failed: waiting for io.appium.java_client.pagefactory.AppiumElementLocator$WaitingFunction@37baddde (tried for 1 second(s) with 500 milliseconds interval)
	at com.qa.tests.FoodCheckoutTest.selectProduct(FoodCheckoutTest.java:58)
Caused by: org.openqa.selenium.NoSuchElementException: 
Cannot locate an element using By.chained({By.AndroidUIAutomator: new UiScrollable(new UiSelector().scrollable(true)).scrollIntoView(new UiSelector().text("Claude's Dream
₱ 189.00"))})
For documentation on this error, please visit: https://www.seleniumhq.org/exceptions/no_such_element.html
Build info: version: '3.141.59', revision: 'e82be7d358', time: '2018-11-14T08:17:03'
System info: host: '000D2022019', ip: '192.168.1.4', os.name: 'Windows 10', os.arch: 'amd64', os.version: '10.0', java.version: '11.0.15'
Driver info: driver.version: AndroidDriver
	at com.qa.tests.FoodCheckoutTest.selectProduct(FoodCheckoutTest.java:58)

